# JRE version: OpenJDK Runtime Environment Temurin-17.0.4.1+1 (17.0.4.1+1) (build 17.0.4.1+1)
# Java VM: OpenJDK 64-Bit Server VM Temurin-17.0.4.1+1 (17.0.4.1+1, mixed mode, tiered, compressed oops, compressed class ptrs, parallel gc, windows-amd64)
GC Precious Log:
 CPUs: 12 total, 12 available
 Memory: 16308M
 Large Page Support: Disabled
 NUMA Support: Disabled
 Compressed Oops: Enabled (32-bit)
 Alignments: Space 512K, Generation 512K, Heap 2M
 Heap Min Capacity: 100M
 Heap Initial Capacity: 100M
 Heap Max Capacity: 1G
 Pre-touch: Disabled
 Parallel Workers: 10
Heap:
 PSYoungGen      total 23040K, used 16174K [0x00000000eab00000, 0x00000000ec400000, 0x0000000100000000)
  eden space 22016K, 70% used [0x00000000eab00000,0x00000000eba182d0,0x00000000ec080000)
  from space 1024K, 70% used [0x00000000ec300000,0x00000000ec3b36e8,0x00000000ec400000)
  to   space 1536K, 0% used [0x00000000ec100000,0x00000000ec100000,0x00000000ec280000)
 ParOldGen       total 68608K, used 23979K [0x00000000c0000000, 0x00000000c4300000, 0x00000000eab00000)
  object space 68608K, 34% used [0x00000000c0000000,0x00000000c176ac28,0x00000000c4300000)
 Metaspace       used 40743K, committed 41536K, reserved 1089536K
  class space    used 4140K, committed 4480K, reserved 1048576K
GC Heap History (20 events):
Event: 3.795 GC heap before
{Heap before GC invocations=9 (full 1):
 PSYoungGen      total 25600K, used 25597K [0x00000000eab00000, 0x00000000ec880000, 0x0000000100000000)
  eden space 24064K, 100% used [0x00000000eab00000,0x00000000ec280000,0x00000000ec280000)
  from space 1536K, 99% used [0x00000000ec480000,0x00000000ec5ff518,0x00000000ec600000)
  to   space 2560K, 0% used [0x00000000ec600000,0x00000000ec600000,0x00000000ec880000)
 ParOldGen       total 68608K, used 8062K [0x00000000c0000000, 0x00000000c4300000, 0x00000000eab00000)
  object space 68608K, 11% used [0x00000000c0000000,0x00000000c07df830,0x00000000c4300000)
 Metaspace       used 34452K, committed 35072K, reserved 1081344K
  class space    used 3483K, committed 3776K, reserved 1048576K
}
Event: 3.796 GC heap after
{Heap after GC invocations=9 (full 1):
 PSYoungGen      total 26112K, used 2528K [0x00000000eab00000, 0x00000000eca00000, 0x0000000100000000)
  eden space 23552K, 0% used [0x00000000eab00000,0x00000000eab00000,0x00000000ec200000)
  from space 2560K, 98% used [0x00000000ec600000,0x00000000ec878200,0x00000000ec880000)
  to   space 4096K, 0% used [0x00000000ec200000,0x00000000ec200000,0x00000000ec600000)
 ParOldGen       total 68608K, used 8958K [0x00000000c0000000, 0x00000000c4300000, 0x00000000eab00000)
  object space 68608K, 13% used [0x00000000c0000000,0x00000000c08bf850,0x00000000c4300000)
 Metaspace       used 34452K, committed 35072K, reserved 1081344K
  class space    used 3483K, committed 3776K, reserved 1048576K
}
Event: 4.054 GC heap before
{Heap before GC invocations=10 (full 1):
 PSYoungGen      total 26112K, used 26080K [0x00000000eab00000, 0x00000000eca00000, 0x0000000100000000)
  eden space 23552K, 100% used [0x00000000eab00000,0x00000000ec200000,0x00000000ec200000)
  from space 2560K, 98% used [0x00000000ec600000,0x00000000ec878200,0x00000000ec880000)
  to   space 4096K, 0% used [0x00000000ec200000,0x00000000ec200000,0x00000000ec600000)
 ParOldGen       total 68608K, used 8958K [0x00000000c0000000, 0x00000000c4300000, 0x00000000eab00000)
  object space 68608K, 13% used [0x00000000c0000000,0x00000000c08bf850,0x00000000c4300000)
 Metaspace       used 34633K, committed 35200K, reserved 1081344K
  class space    used 3501K, committed 3776K, reserved 1048576K
}
Event: 4.057 GC heap after
{Heap after GC invocations=10 (full 1):
 PSYoungGen      total 27136K, used 4068K [0x00000000eab00000, 0x00000000ecb80000, 0x0000000100000000)
  eden space 23040K, 0% used [0x00000000eab00000,0x00000000eab00000,0x00000000ec180000)
  from space 4096K, 99% used [0x00000000ec200000,0x00000000ec5f93b8,0x00000000ec600000)
  to   space 5120K, 0% used [0x00000000ec680000,0x00000000ec680000,0x00000000ecb80000)
 ParOldGen       total 68608K, used 9693K [0x00000000c0000000, 0x00000000c4300000, 0x00000000eab00000)
  object space 68608K, 14% used [0x00000000c0000000,0x00000000c0977630,0x00000000c4300000)
 Metaspace       used 34633K, committed 35200K, reserved 1081344K
  class space    used 3501K, committed 3776K, reserved 1048576K
}
Event: 4.212 GC heap before
{Heap before GC invocations=11 (full 1):
 PSYoungGen      total 27136K, used 27108K [0x00000000eab00000, 0x00000000ecb80000, 0x0000000100000000)
  eden space 23040K, 100% used [0x00000000eab00000,0x00000000ec180000,0x00000000ec180000)
  from space 4096K, 99% used [0x00000000ec200000,0x00000000ec5f93b8,0x00000000ec600000)
  to   space 5120K, 0% used [0x00000000ec680000,0x00000000ec680000,0x00000000ecb80000)
 ParOldGen       total 68608K, used 9693K [0x00000000c0000000, 0x00000000c4300000, 0x00000000eab00000)
  object space 68608K, 14% used [0x00000000c0000000,0x00000000c0977630,0x00000000c4300000)
 Metaspace       used 34700K, committed 35392K, reserved 1081344K
  class space    used 3514K, committed 3840K, reserved 1048576K
}
Event: 4.215 GC heap after
{Heap after GC invocations=11 (full 1):
 PSYoungGen      total 27648K, used 4992K [0x00000000eab00000, 0x00000000ecb80000, 0x0000000100000000)
  eden space 22528K, 0% used [0x00000000eab00000,0x00000000eab00000,0x00000000ec100000)
  from space 5120K, 97% used [0x00000000ec680000,0x00000000ecb60020,0x00000000ecb80000)
  to   space 5120K, 0% used [0x00000000ec180000,0x00000000ec180000,0x00000000ec680000)
 ParOldGen       total 68608K, used 11548K [0x00000000c0000000, 0x00000000c4300000, 0x00000000eab00000)
  object space 68608K, 16% used [0x00000000c0000000,0x00000000c0b47278,0x00000000c4300000)
 Metaspace       used 34700K, committed 35392K, reserved 1081344K
  class space    used 3514K, committed 3840K, reserved 1048576K
}
Event: 4.336 GC heap before
{Heap before GC invocations=12 (full 1):
 PSYoungGen      total 27648K, used 27520K [0x00000000eab00000, 0x00000000ecb80000, 0x0000000100000000)
  eden space 22528K, 100% used [0x00000000eab00000,0x00000000ec100000,0x00000000ec100000)
  from space 5120K, 97% used [0x00000000ec680000,0x00000000ecb60020,0x00000000ecb80000)
  to   space 5120K, 0% used [0x00000000ec180000,0x00000000ec180000,0x00000000ec680000)
 ParOldGen       total 68608K, used 11548K [0x00000000c0000000, 0x00000000c4300000, 0x00000000eab00000)
  object space 68608K, 16% used [0x00000000c0000000,0x00000000c0b47278,0x00000000c4300000)
 Metaspace       used 34700K, committed 35392K, reserved 1081344K
  class space    used 3514K, committed 3840K, reserved 1048576K
}
Event: 4.339 GC heap after
{Heap after GC invocations=12 (full 1):
 PSYoungGen      total 25088K, used 2624K [0x00000000eab00000, 0x00000000ec780000, 0x0000000100000000)
  eden space 22016K, 0% used [0x00000000eab00000,0x00000000eab00000,0x00000000ec080000)
  from space 3072K, 85% used [0x00000000ec180000,0x00000000ec410000,0x00000000ec480000)
  to   space 3072K, 0% used [0x00000000ec480000,0x00000000ec480000,0x00000000ec780000)
 ParOldGen       total 68608K, used 16440K [0x00000000c0000000, 0x00000000c4300000, 0x00000000eab00000)
  object space 68608K, 23% used [0x00000000c0000000,0x00000000c100e1b0,0x00000000c4300000)
 Metaspace       used 34700K, committed 35392K, reserved 1081344K
  class space    used 3514K, committed 3840K, reserved 1048576K
}
Event: 4.442 GC heap before
{Heap before GC invocations=13 (full 1):
 PSYoungGen      total 25088K, used 24640K [0x00000000eab00000, 0x00000000ec780000, 0x0000000100000000)
  eden space 22016K, 100% used [0x00000000eab00000,0x00000000ec080000,0x00000000ec080000)
  from space 3072K, 85% used [0x00000000ec180000,0x00000000ec410000,0x00000000ec480000)
  to   space 3072K, 0% used [0x00000000ec480000,0x00000000ec480000,0x00000000ec780000)
 ParOldGen       total 68608K, used 16440K [0x00000000c0000000, 0x00000000c4300000, 0x00000000eab00000)
  object space 68608K, 23% used [0x00000000c0000000,0x00000000c100e1b0,0x00000000c4300000)
 Metaspace       used 34700K, committed 35392K, reserved 1081344K
  class space    used 3514K, committed 3840K, reserved 1048576K
}
Event: 4.444 GC heap after
{Heap after GC invocations=13 (full 1):
 PSYoungGen      total 25088K, used 2560K [0x00000000eab00000, 0x00000000ec780000, 0x0000000100000000)
  eden space 22016K, 0% used [0x00000000eab00000,0x00000000eab00000,0x00000000ec080000)
  from space 3072K, 83% used [0x00000000ec480000,0x00000000ec700010,0x00000000ec780000)
  to   space 3072K, 0% used [0x00000000ec180000,0x00000000ec180000,0x00000000ec480000)
 ParOldGen       total 68608K, used 18912K [0x00000000c0000000, 0x00000000c4300000, 0x00000000eab00000)
  object space 68608K, 27% used [0x00000000c0000000,0x00000000c12781b0,0x00000000c4300000)
 Metaspace       used 34700K, committed 35392K, reserved 1081344K
  class space    used 3514K, committed 3840K, reserved 1048576K
}
Event: 4.597 GC heap before
{Heap before GC invocations=14 (full 1):
 PSYoungGen      total 25088K, used 13642K [0x00000000eab00000, 0x00000000ec780000, 0x0000000100000000)
  eden space 22016K, 50% used [0x00000000eab00000,0x00000000eb5d2910,0x00000000ec080000)
  from space 3072K, 83% used [0x00000000ec480000,0x00000000ec700010,0x00000000ec780000)
  to   space 3072K, 0% used [0x00000000ec180000,0x00000000ec180000,0x00000000ec480000)
 ParOldGen       total 68608K, used 18912K [0x00000000c0000000, 0x00000000c4300000, 0x00000000eab00000)
  object space 68608K, 27% used [0x00000000c0000000,0x00000000c12781b0,0x00000000c4300000)
 Metaspace       used 35220K, committed 35840K, reserved 1081344K
  class space    used 3561K, committed 3840K, reserved 1048576K
}
Event: 4.600 GC heap after
{Heap after GC invocations=14 (full 1):
 PSYoungGen      total 24064K, used 2020K [0x00000000eab00000, 0x00000000ec580000, 0x0000000100000000)
  eden space 22016K, 0% used [0x00000000eab00000,0x00000000eab00000,0x00000000ec080000)
  from space 2048K, 98% used [0x00000000ec180000,0x00000000ec3793d0,0x00000000ec380000)
  to   space 2048K, 0% used [0x00000000ec380000,0x00000000ec380000,0x00000000ec580000)
 ParOldGen       total 68608K, used 21360K [0x00000000c0000000, 0x00000000c4300000, 0x00000000eab00000)
  object space 68608K, 31% used [0x00000000c0000000,0x00000000c14dc1c0,0x00000000c4300000)
 Metaspace       used 35220K, committed 35840K, reserved 1081344K
  class space    used 3561K, committed 3840K, reserved 1048576K
}
Event: 4.600 GC heap before
{Heap before GC invocations=15 (full 2):
 PSYoungGen      total 24064K, used 2020K [0x00000000eab00000, 0x00000000ec580000, 0x0000000100000000)
  eden space 22016K, 0% used [0x00000000eab00000,0x00000000eab00000,0x00000000ec080000)
  from space 2048K, 98% used [0x00000000ec180000,0x00000000ec3793d0,0x00000000ec380000)
  to   space 2048K, 0% used [0x00000000ec380000,0x00000000ec380000,0x00000000ec580000)
 ParOldGen       total 68608K, used 21360K [0x00000000c0000000, 0x00000000c4300000, 0x00000000eab00000)
  object space 68608K, 31% used [0x00000000c0000000,0x00000000c14dc1c0,0x00000000c4300000)
 Metaspace       used 35220K, committed 35840K, reserved 1081344K
  class space    used 3561K, committed 3840K, reserved 1048576K
}
Event: 4.628 GC heap after
{Heap after GC invocations=15 (full 2):
 PSYoungGen      total 24064K, used 0K [0x00000000eab00000, 0x00000000ec580000, 0x0000000100000000)
  eden space 22016K, 0% used [0x00000000eab00000,0x00000000eab00000,0x00000000ec080000)
  from space 2048K, 0% used [0x00000000ec180000,0x00000000ec180000,0x00000000ec380000)
  to   space 2048K, 0% used [0x00000000ec380000,0x00000000ec380000,0x00000000ec580000)
 ParOldGen       total 68608K, used 22461K [0x00000000c0000000, 0x00000000c4300000, 0x00000000eab00000)
  object space 68608K, 32% used [0x00000000c0000000,0x00000000c15ef440,0x00000000c4300000)
 Metaspace       used 35220K, committed 35840K, reserved 1081344K
  class space    used 3561K, committed 3840K, reserved 1048576K
}
Event: 5.011 GC heap before
{Heap before GC invocations=16 (full 2):
 PSYoungGen      total 24064K, used 22004K [0x00000000eab00000, 0x00000000ec580000, 0x0000000100000000)
  eden space 22016K, 99% used [0x00000000eab00000,0x00000000ec07d248,0x00000000ec080000)
  from space 2048K, 0% used [0x00000000ec180000,0x00000000ec180000,0x00000000ec380000)
  to   space 2048K, 0% used [0x00000000ec380000,0x00000000ec380000,0x00000000ec580000)
 ParOldGen       total 68608K, used 22461K [0x00000000c0000000, 0x00000000c4300000, 0x00000000eab00000)
  object space 68608K, 32% used [0x00000000c0000000,0x00000000c15ef440,0x00000000c4300000)
 Metaspace       used 37226K, committed 37888K, reserved 1089536K
  class space    used 3841K, committed 4160K, reserved 1048576K
}
Event: 5.012 GC heap after
{Heap after GC invocations=16 (full 2):
 PSYoungGen      total 23040K, used 726K [0x00000000eab00000, 0x00000000ec480000, 0x0000000100000000)
  eden space 22016K, 0% used [0x00000000eab00000,0x00000000eab00000,0x00000000ec080000)
  from space 1024K, 70% used [0x00000000ec380000,0x00000000ec435a78,0x00000000ec480000)
  to   space 1536K, 0% used [0x00000000ec180000,0x00000000ec180000,0x00000000ec300000)
 ParOldGen       total 68608K, used 22469K [0x00000000c0000000, 0x00000000c4300000, 0x00000000eab00000)
  object space 68608K, 32% used [0x00000000c0000000,0x00000000c15f1440,0x00000000c4300000)
 Metaspace       used 37226K, committed 37888K, reserved 1089536K
  class space    used 3841K, committed 4160K, reserved 1048576K
}
Event: 5.495 GC heap before
{Heap before GC invocations=17 (full 2):
 PSYoungGen      total 23040K, used 22702K [0x00000000eab00000, 0x00000000ec480000, 0x0000000100000000)
  eden space 22016K, 99% used [0x00000000eab00000,0x00000000ec075fd8,0x00000000ec080000)
  from space 1024K, 70% used [0x00000000ec380000,0x00000000ec435a78,0x00000000ec480000)
  to   space 1536K, 0% used [0x00000000ec180000,0x00000000ec180000,0x00000000ec300000)
 ParOldGen       total 68608K, used 22469K [0x00000000c0000000, 0x00000000c4300000, 0x00000000eab00000)
  object space 68608K, 32% used [0x00000000c0000000,0x00000000c15f1440,0x00000000c4300000)
 Metaspace       used 38826K, committed 39488K, reserved 1089536K
  class space    used 3980K, committed 4288K, reserved 1048576K
}
Event: 5.496 GC heap after
{Heap after GC invocations=17 (full 2):
 PSYoungGen      total 23552K, used 1529K [0x00000000eab00000, 0x00000000ec580000, 0x0000000100000000)
  eden space 22016K, 0% used [0x00000000eab00000,0x00000000eab00000,0x00000000ec080000)
  from space 1536K, 99% used [0x00000000ec180000,0x00000000ec2fe620,0x00000000ec300000)
  to   space 2560K, 0% used [0x00000000ec300000,0x00000000ec300000,0x00000000ec580000)
 ParOldGen       total 68608K, used 23106K [0x00000000c0000000, 0x00000000c4300000, 0x00000000eab00000)
  object space 68608K, 33% used [0x00000000c0000000,0x00000000c16909e8,0x00000000c4300000)
 Metaspace       used 38826K, committed 39488K, reserved 1089536K
  class space    used 3980K, committed 4288K, reserved 1048576K
}
Event: 5.563 GC heap before
{Heap before GC invocations=18 (full 2):
 PSYoungGen      total 23552K, used 23545K [0x00000000eab00000, 0x00000000ec580000, 0x0000000100000000)
  eden space 22016K, 100% used [0x00000000eab00000,0x00000000ec080000,0x00000000ec080000)
  from space 1536K, 99% used [0x00000000ec180000,0x00000000ec2fe620,0x00000000ec300000)
  to   space 2560K, 0% used [0x00000000ec300000,0x00000000ec300000,0x00000000ec580000)
 ParOldGen       total 68608K, used 23106K [0x00000000c0000000, 0x00000000c4300000, 0x00000000eab00000)
  object space 68608K, 33% used [0x00000000c0000000,0x00000000c16909e8,0x00000000c4300000)
 Metaspace       used 38858K, committed 39552K, reserved 1089536K
  class space    used 3980K, committed 4288K, reserved 1048576K
}
Event: 5.564 GC heap after
{Heap after GC invocations=18 (full 2):
 PSYoungGen      total 23040K, used 717K [0x00000000eab00000, 0x00000000ec400000, 0x0000000100000000)
  eden space 22016K, 0% used [0x00000000eab00000,0x00000000eab00000,0x00000000ec080000)
  from space 1024K, 70% used [0x00000000ec300000,0x00000000ec3b36e8,0x00000000ec400000)
  to   space 1536K, 0% used [0x00000000ec100000,0x00000000ec100000,0x00000000ec280000)
 ParOldGen       total 68608K, used 23979K [0x00000000c0000000, 0x00000000c4300000, 0x00000000eab00000)
  object space 68608K, 34% used [0x00000000c0000000,0x00000000c176ac28,0x00000000c4300000)
 Metaspace       used 38858K, committed 39552K, reserved 1089536K
  class space    used 3980K, committed 4288K, reserved 1048576K
}

