# JRE version: OpenJDK Runtime Environment Temurin-17.0.4.1+1 (17.0.4.1+1) (build 17.0.4.1+1)
# Java VM: OpenJDK 64-Bit Server VM Temurin-17.0.4.1+1 (17.0.4.1+1, mixed mode, tiered, compressed oops, compressed class ptrs, parallel gc, windows-amd64)
GC Precious Log:
 CPUs: 12 total, 12 available
 Memory: 16308M
 Large Page Support: Disabled
 NUMA Support: Disabled
 Compressed Oops: Enabled (32-bit)
 Alignments: Space 512K, Generation 512K, Heap 2M
 Heap Min Capacity: 100M
 Heap Initial Capacity: 100M
 Heap Max Capacity: 1G
 Pre-touch: Disabled
 Parallel Workers: 10
Heap:
 PSYoungGen      total 21504K, used 9237K [0x00000000eab00000, 0x00000000ec100000, 0x0000000100000000)
  eden space 20480K, 41% used [0x00000000eab00000,0x00000000eb342fc8,0x00000000ebf00000)
  from space 1024K, 75% used [0x00000000ebf00000,0x00000000ebfc2480,0x00000000ec000000)
  to   space 1024K, 0% used [0x00000000ec000000,0x00000000ec000000,0x00000000ec100000)
 ParOldGen       total 68608K, used 32182K [0x00000000c0000000, 0x00000000c4300000, 0x00000000eab00000)
  object space 68608K, 46% used [0x00000000c0000000,0x00000000c1f6db80,0x00000000c4300000)
 Metaspace       used 53805K, committed 54720K, reserved 1097728K
  class space    used 5680K, committed 6080K, reserved 1048576K
GC Heap History (20 events):
Event: 4.037 GC heap before
{Heap before GC invocations=16 (full 2):
 PSYoungGen      total 24064K, used 23680K [0x00000000eab00000, 0x00000000ec600000, 0x0000000100000000)
  eden space 21504K, 100% used [0x00000000eab00000,0x00000000ec000000,0x00000000ec000000)
  from space 2560K, 85% used [0x00000000ec000000,0x00000000ec220010,0x00000000ec280000)
  to   space 3072K, 0% used [0x00000000ec300000,0x00000000ec300000,0x00000000ec600000)
 ParOldGen       total 68608K, used 18123K [0x00000000c0000000, 0x00000000c4300000, 0x00000000eab00000)
  object space 68608K, 26% used [0x00000000c0000000,0x00000000c11b2eb8,0x00000000c4300000)
 Metaspace       used 41225K, committed 41984K, reserved 1089536K
  class space    used 4348K, committed 4672K, reserved 1048576K
}
Event: 4.039 GC heap after
{Heap after GC invocations=16 (full 2):
 PSYoungGen      total 24576K, used 2507K [0x00000000eab00000, 0x00000000ec600000, 0x0000000100000000)
  eden space 21504K, 0% used [0x00000000eab00000,0x00000000eab00000,0x00000000ec000000)
  from space 3072K, 81% used [0x00000000ec300000,0x00000000ec572c48,0x00000000ec600000)
  to   space 3072K, 0% used [0x00000000ec000000,0x00000000ec000000,0x00000000ec300000)
 ParOldGen       total 68608K, used 20104K [0x00000000c0000000, 0x00000000c4300000, 0x00000000eab00000)
  object space 68608K, 29% used [0x00000000c0000000,0x00000000c13a2220,0x00000000c4300000)
 Metaspace       used 41225K, committed 41984K, reserved 1089536K
  class space    used 4348K, committed 4672K, reserved 1048576K
}
Event: 4.114 GC heap before
{Heap before GC invocations=17 (full 2):
 PSYoungGen      total 24576K, used 24011K [0x00000000eab00000, 0x00000000ec600000, 0x0000000100000000)
  eden space 21504K, 100% used [0x00000000eab00000,0x00000000ec000000,0x00000000ec000000)
  from space 3072K, 81% used [0x00000000ec300000,0x00000000ec572c48,0x00000000ec600000)
  to   space 3072K, 0% used [0x00000000ec000000,0x00000000ec000000,0x00000000ec300000)
 ParOldGen       total 68608K, used 20104K [0x00000000c0000000, 0x00000000c4300000, 0x00000000eab00000)
  object space 68608K, 29% used [0x00000000c0000000,0x00000000c13a2220,0x00000000c4300000)
 Metaspace       used 41586K, committed 42368K, reserved 1089536K
  class space    used 4395K, committed 4736K, reserved 1048576K
}
Event: 4.116 GC heap after
{Heap after GC invocations=17 (full 2):
 PSYoungGen      total 24064K, used 2144K [0x00000000eab00000, 0x00000000ec500000, 0x0000000100000000)
  eden space 21504K, 0% used [0x00000000eab00000,0x00000000eab00000,0x00000000ec000000)
  from space 2560K, 83% used [0x00000000ec000000,0x00000000ec218000,0x00000000ec280000)
  to   space 2560K, 0% used [0x00000000ec280000,0x00000000ec280000,0x00000000ec500000)
 ParOldGen       total 68608K, used 22431K [0x00000000c0000000, 0x00000000c4300000, 0x00000000eab00000)
  object space 68608K, 32% used [0x00000000c0000000,0x00000000c15e7df0,0x00000000c4300000)
 Metaspace       used 41586K, committed 42368K, reserved 1089536K
  class space    used 4395K, committed 4736K, reserved 1048576K
}
Event: 4.172 GC heap before
{Heap before GC invocations=18 (full 2):
 PSYoungGen      total 24064K, used 23648K [0x00000000eab00000, 0x00000000ec500000, 0x0000000100000000)
  eden space 21504K, 100% used [0x00000000eab00000,0x00000000ec000000,0x00000000ec000000)
  from space 2560K, 83% used [0x00000000ec000000,0x00000000ec218000,0x00000000ec280000)
  to   space 2560K, 0% used [0x00000000ec280000,0x00000000ec280000,0x00000000ec500000)
 ParOldGen       total 68608K, used 22431K [0x00000000c0000000, 0x00000000c4300000, 0x00000000eab00000)
  object space 68608K, 32% used [0x00000000c0000000,0x00000000c15e7df0,0x00000000c4300000)
 Metaspace       used 42000K, committed 42880K, reserved 1089536K
  class space    used 4445K, committed 4800K, reserved 1048576K
}
Event: 4.174 GC heap after
{Heap after GC invocations=18 (full 2):
 PSYoungGen      total 24064K, used 2368K [0x00000000eab00000, 0x00000000ec500000, 0x0000000100000000)
  eden space 21504K, 0% used [0x00000000eab00000,0x00000000eab00000,0x00000000ec000000)
  from space 2560K, 92% used [0x00000000ec280000,0x00000000ec4d0010,0x00000000ec500000)
  to   space 2560K, 0% used [0x00000000ec000000,0x00000000ec000000,0x00000000ec280000)
 ParOldGen       total 68608K, used 24479K [0x00000000c0000000, 0x00000000c4300000, 0x00000000eab00000)
  object space 68608K, 35% used [0x00000000c0000000,0x00000000c17e7df0,0x00000000c4300000)
 Metaspace       used 42000K, committed 42880K, reserved 1089536K
  class space    used 4445K, committed 4800K, reserved 1048576K
}
Event: 4.294 GC heap before
{Heap before GC invocations=19 (full 2):
 PSYoungGen      total 24064K, used 23866K [0x00000000eab00000, 0x00000000ec500000, 0x0000000100000000)
  eden space 21504K, 99% used [0x00000000eab00000,0x00000000ebffe838,0x00000000ec000000)
  from space 2560K, 92% used [0x00000000ec280000,0x00000000ec4d0010,0x00000000ec500000)
  to   space 2560K, 0% used [0x00000000ec000000,0x00000000ec000000,0x00000000ec280000)
 ParOldGen       total 68608K, used 24479K [0x00000000c0000000, 0x00000000c4300000, 0x00000000eab00000)
  object space 68608K, 35% used [0x00000000c0000000,0x00000000c17e7df0,0x00000000c4300000)
 Metaspace       used 43778K, committed 44544K, reserved 1089536K
  class space    used 4635K, committed 4928K, reserved 1048576K
}
Event: 4.296 GC heap after
{Heap after GC invocations=19 (full 2):
 PSYoungGen      total 24064K, used 2368K [0x00000000eab00000, 0x00000000ec500000, 0x0000000100000000)
  eden space 21504K, 0% used [0x00000000eab00000,0x00000000eab00000,0x00000000ec000000)
  from space 2560K, 92% used [0x00000000ec000000,0x00000000ec250000,0x00000000ec280000)
  to   space 2560K, 0% used [0x00000000ec280000,0x00000000ec280000,0x00000000ec500000)
 ParOldGen       total 68608K, used 26700K [0x00000000c0000000, 0x00000000c4300000, 0x00000000eab00000)
  object space 68608K, 38% used [0x00000000c0000000,0x00000000c1a13158,0x00000000c4300000)
 Metaspace       used 43778K, committed 44544K, reserved 1089536K
  class space    used 4635K, committed 4928K, reserved 1048576K
}
Event: 4.529 GC heap before
{Heap before GC invocations=20 (full 2):
 PSYoungGen      total 24064K, used 23872K [0x00000000eab00000, 0x00000000ec500000, 0x0000000100000000)
  eden space 21504K, 100% used [0x00000000eab00000,0x00000000ec000000,0x00000000ec000000)
  from space 2560K, 92% used [0x00000000ec000000,0x00000000ec250000,0x00000000ec280000)
  to   space 2560K, 0% used [0x00000000ec280000,0x00000000ec280000,0x00000000ec500000)
 ParOldGen       total 68608K, used 26700K [0x00000000c0000000, 0x00000000c4300000, 0x00000000eab00000)
  object space 68608K, 38% used [0x00000000c0000000,0x00000000c1a13158,0x00000000c4300000)
 Metaspace       used 46438K, committed 47168K, reserved 1097728K
  class space    used 4962K, committed 5248K, reserved 1048576K
}
Event: 4.530 GC heap after
{Heap after GC invocations=20 (full 2):
 PSYoungGen      total 23040K, used 1206K [0x00000000eab00000, 0x00000000ec400000, 0x0000000100000000)
  eden space 21504K, 0% used [0x00000000eab00000,0x00000000eab00000,0x00000000ec000000)
  from space 1536K, 78% used [0x00000000ec280000,0x00000000ec3ada30,0x00000000ec400000)
  to   space 2048K, 0% used [0x00000000ec000000,0x00000000ec000000,0x00000000ec200000)
 ParOldGen       total 68608K, used 28851K [0x00000000c0000000, 0x00000000c4300000, 0x00000000eab00000)
  object space 68608K, 42% used [0x00000000c0000000,0x00000000c1c2cf48,0x00000000c4300000)
 Metaspace       used 46438K, committed 47168K, reserved 1097728K
  class space    used 4962K, committed 5248K, reserved 1048576K
}
Event: 4.748 GC heap before
{Heap before GC invocations=21 (full 2):
 PSYoungGen      total 23040K, used 22710K [0x00000000eab00000, 0x00000000ec400000, 0x0000000100000000)
  eden space 21504K, 100% used [0x00000000eab00000,0x00000000ec000000,0x00000000ec000000)
  from space 1536K, 78% used [0x00000000ec280000,0x00000000ec3ada30,0x00000000ec400000)
  to   space 2048K, 0% used [0x00000000ec000000,0x00000000ec000000,0x00000000ec200000)
 ParOldGen       total 68608K, used 28851K [0x00000000c0000000, 0x00000000c4300000, 0x00000000eab00000)
  object space 68608K, 42% used [0x00000000c0000000,0x00000000c1c2cf48,0x00000000c4300000)
 Metaspace       used 48074K, committed 48960K, reserved 1097728K
  class space    used 5180K, committed 5568K, reserved 1048576K
}
Event: 4.750 GC heap after
{Heap after GC invocations=21 (full 2):
 PSYoungGen      total 23040K, used 1024K [0x00000000eab00000, 0x00000000ec300000, 0x0000000100000000)
  eden space 21504K, 0% used [0x00000000eab00000,0x00000000eab00000,0x00000000ec000000)
  from space 1536K, 66% used [0x00000000ec000000,0x00000000ec100010,0x00000000ec180000)
  to   space 1536K, 0% used [0x00000000ec180000,0x00000000ec180000,0x00000000ec300000)
 ParOldGen       total 68608K, used 29873K [0x00000000c0000000, 0x00000000c4300000, 0x00000000eab00000)
  object space 68608K, 43% used [0x00000000c0000000,0x00000000c1d2c4f0,0x00000000c4300000)
 Metaspace       used 48074K, committed 48960K, reserved 1097728K
  class space    used 5180K, committed 5568K, reserved 1048576K
}
Event: 4.983 GC heap before
{Heap before GC invocations=22 (full 2):
 PSYoungGen      total 23040K, used 22528K [0x00000000eab00000, 0x00000000ec300000, 0x0000000100000000)
  eden space 21504K, 100% used [0x00000000eab00000,0x00000000ec000000,0x00000000ec000000)
  from space 1536K, 66% used [0x00000000ec000000,0x00000000ec100010,0x00000000ec180000)
  to   space 1536K, 0% used [0x00000000ec180000,0x00000000ec180000,0x00000000ec300000)
 ParOldGen       total 68608K, used 29873K [0x00000000c0000000, 0x00000000c4300000, 0x00000000eab00000)
  object space 68608K, 43% used [0x00000000c0000000,0x00000000c1d2c4f0,0x00000000c4300000)
 Metaspace       used 49719K, committed 50624K, reserved 1097728K
  class space    used 5332K, committed 5696K, reserved 1048576K
}
Event: 4.985 GC heap after
{Heap after GC invocations=22 (full 2):
 PSYoungGen      total 22016K, used 1529K [0x00000000eab00000, 0x00000000ec500000, 0x0000000100000000)
  eden space 20480K, 0% used [0x00000000eab00000,0x00000000eab00000,0x00000000ebf00000)
  from space 1536K, 99% used [0x00000000ec180000,0x00000000ec2fe758,0x00000000ec300000)
  to   space 2560K, 0% used [0x00000000ebf00000,0x00000000ebf00000,0x00000000ec180000)
 ParOldGen       total 68608K, used 30652K [0x00000000c0000000, 0x00000000c4300000, 0x00000000eab00000)
  object space 68608K, 44% used [0x00000000c0000000,0x00000000c1def200,0x00000000c4300000)
 Metaspace       used 49719K, committed 50624K, reserved 1097728K
  class space    used 5332K, committed 5696K, reserved 1048576K
}
Event: 5.059 GC heap before
{Heap before GC invocations=23 (full 2):
 PSYoungGen      total 22016K, used 22007K [0x00000000eab00000, 0x00000000ec500000, 0x0000000100000000)
  eden space 20480K, 99% used [0x00000000eab00000,0x00000000ebeff730,0x00000000ebf00000)
  from space 1536K, 99% used [0x00000000ec180000,0x00000000ec2fe758,0x00000000ec300000)
  to   space 2560K, 0% used [0x00000000ebf00000,0x00000000ebf00000,0x00000000ec180000)
 ParOldGen       total 68608K, used 30652K [0x00000000c0000000, 0x00000000c4300000, 0x00000000eab00000)
  object space 68608K, 44% used [0x00000000c0000000,0x00000000c1def200,0x00000000c4300000)
 Metaspace       used 49749K, committed 50624K, reserved 1097728K
  class space    used 5332K, committed 5696K, reserved 1048576K
}
Event: 5.060 GC heap after
{Heap after GC invocations=23 (full 2):
 PSYoungGen      total 21504K, used 877K [0x00000000eab00000, 0x00000000ec200000, 0x0000000100000000)
  eden space 20480K, 0% used [0x00000000eab00000,0x00000000eab00000,0x00000000ebf00000)
  from space 1024K, 85% used [0x00000000ebf00000,0x00000000ebfdb6d8,0x00000000ec000000)
  to   space 1536K, 0% used [0x00000000ec080000,0x00000000ec080000,0x00000000ec200000)
 ParOldGen       total 68608K, used 31533K [0x00000000c0000000, 0x00000000c4300000, 0x00000000eab00000)
  object space 68608K, 45% used [0x00000000c0000000,0x00000000c1ecb758,0x00000000c4300000)
 Metaspace       used 49749K, committed 50624K, reserved 1097728K
  class space    used 5332K, committed 5696K, reserved 1048576K
}
Event: 5.237 GC heap before
{Heap before GC invocations=24 (full 2):
 PSYoungGen      total 21504K, used 21353K [0x00000000eab00000, 0x00000000ec200000, 0x0000000100000000)
  eden space 20480K, 99% used [0x00000000eab00000,0x00000000ebefef60,0x00000000ebf00000)
  from space 1024K, 85% used [0x00000000ebf00000,0x00000000ebfdb6d8,0x00000000ec000000)
  to   space 1536K, 0% used [0x00000000ec080000,0x00000000ec080000,0x00000000ec200000)
 ParOldGen       total 68608K, used 31533K [0x00000000c0000000, 0x00000000c4300000, 0x00000000eab00000)
  object space 68608K, 45% used [0x00000000c0000000,0x00000000c1ecb758,0x00000000c4300000)
 Metaspace       used 51676K, committed 52544K, reserved 1097728K
  class space    used 5486K, committed 5824K, reserved 1048576K
}
Event: 5.238 GC heap after
{Heap after GC invocations=24 (full 2):
 PSYoungGen      total 21504K, used 800K [0x00000000eab00000, 0x00000000ec180000, 0x0000000100000000)
  eden space 20480K, 0% used [0x00000000eab00000,0x00000000eab00000,0x00000000ebf00000)
  from space 1024K, 78% used [0x00000000ec080000,0x00000000ec148000,0x00000000ec180000)
  to   space 1024K, 0% used [0x00000000ebf00000,0x00000000ebf00000,0x00000000ec000000)
 ParOldGen       total 68608K, used 31549K [0x00000000c0000000, 0x00000000c4300000, 0x00000000eab00000)
  object space 68608K, 45% used [0x00000000c0000000,0x00000000c1ecf758,0x00000000c4300000)
 Metaspace       used 51676K, committed 52544K, reserved 1097728K
  class space    used 5486K, committed 5824K, reserved 1048576K
}
Event: 5.391 GC heap before
{Heap before GC invocations=25 (full 2):
 PSYoungGen      total 21504K, used 21272K [0x00000000eab00000, 0x00000000ec180000, 0x0000000100000000)
  eden space 20480K, 99% used [0x00000000eab00000,0x00000000ebefe130,0x00000000ebf00000)
  from space 1024K, 78% used [0x00000000ec080000,0x00000000ec148000,0x00000000ec180000)
  to   space 1024K, 0% used [0x00000000ebf00000,0x00000000ebf00000,0x00000000ec000000)
 ParOldGen       total 68608K, used 31549K [0x00000000c0000000, 0x00000000c4300000, 0x00000000eab00000)
  object space 68608K, 45% used [0x00000000c0000000,0x00000000c1ecf758,0x00000000c4300000)
 Metaspace       used 52701K, committed 53504K, reserved 1097728K
  class space    used 5564K, committed 5888K, reserved 1048576K
}
Event: 5.392 GC heap after
{Heap after GC invocations=25 (full 2):
 PSYoungGen      total 21504K, used 777K [0x00000000eab00000, 0x00000000ec100000, 0x0000000100000000)
  eden space 20480K, 0% used [0x00000000eab00000,0x00000000eab00000,0x00000000ebf00000)
  from space 1024K, 75% used [0x00000000ebf00000,0x00000000ebfc2480,0x00000000ec000000)
  to   space 1024K, 0% used [0x00000000ec000000,0x00000000ec000000,0x00000000ec100000)
 ParOldGen       total 68608K, used 32182K [0x00000000c0000000, 0x00000000c4300000, 0x00000000eab00000)
  object space 68608K, 46% used [0x00000000c0000000,0x00000000c1f6db80,0x00000000c4300000)
 Metaspace       used 52701K, committed 53504K, reserved 1097728K
  class space    used 5564K, committed 5888K, reserved 1048576K
}

