# JRE version: OpenJDK Runtime Environment Temurin-17.0.4.1+1 (17.0.4.1+1) (build 17.0.4.1+1)
# Java VM: OpenJDK 64-Bit Server VM Temurin-17.0.4.1+1 (17.0.4.1+1, mixed mode, tiered, compressed oops, compressed class ptrs, parallel gc, windows-amd64)
GC Precious Log:
 CPUs: 12 total, 12 available
 Memory: 16308M
 Large Page Support: Disabled
 NUMA Support: Disabled
 Compressed Oops: Enabled (32-bit)
 Alignments: Space 512K, Generation 512K, Heap 2M
 Heap Min Capacity: 100M
 Heap Initial Capacity: 100M
 Heap Max Capacity: 1G
 Pre-touch: Disabled
 Parallel Workers: 10
Heap:
 PSYoungGen      total 21504K, used 18101K [0x00000000eab00000, 0x00000000ec280000, 0x0000000100000000)
  eden space 20480K, 83% used [0x00000000eab00000,0x00000000ebbc9e10,0x00000000ebf00000)
  from space 1024K, 88% used [0x00000000ec180000,0x00000000ec2636a0,0x00000000ec280000)
  to   space 1024K, 0% used [0x00000000ec080000,0x00000000ec080000,0x00000000ec180000)
 ParOldGen       total 68608K, used 23750K [0x00000000c0000000, 0x00000000c4300000, 0x00000000eab00000)
  object space 68608K, 34% used [0x00000000c0000000,0x00000000c1731ba0,0x00000000c4300000)
 Metaspace       used 40332K, committed 41024K, reserved 1089536K
  class space    used 4091K, committed 4416K, reserved 1048576K
GC Heap History (20 events):
Event: 3.633 GC heap before
{Heap before GC invocations=9 (full 1):
 PSYoungGen      total 25600K, used 25598K [0x00000000eab00000, 0x00000000ec880000, 0x0000000100000000)
  eden space 24064K, 100% used [0x00000000eab00000,0x00000000ec280000,0x00000000ec280000)
  from space 1536K, 99% used [0x00000000ec500000,0x00000000ec67f8e8,0x00000000ec680000)
  to   space 2048K, 0% used [0x00000000ec680000,0x00000000ec680000,0x00000000ec880000)
 ParOldGen       total 68608K, used 7892K [0x00000000c0000000, 0x00000000c4300000, 0x00000000eab00000)
  object space 68608K, 11% used [0x00000000c0000000,0x00000000c07b5280,0x00000000c4300000)
 Metaspace       used 34421K, committed 35072K, reserved 1081344K
  class space    used 3485K, committed 3776K, reserved 1048576K
}
Event: 3.635 GC heap after
{Heap after GC invocations=9 (full 1):
 PSYoungGen      total 25600K, used 2016K [0x00000000eab00000, 0x00000000eca00000, 0x0000000100000000)
  eden space 23552K, 0% used [0x00000000eab00000,0x00000000eab00000,0x00000000ec200000)
  from space 2048K, 98% used [0x00000000ec680000,0x00000000ec8783a8,0x00000000ec880000)
  to   space 4096K, 0% used [0x00000000ec200000,0x00000000ec200000,0x00000000ec600000)
 ParOldGen       total 68608K, used 9348K [0x00000000c0000000, 0x00000000c4300000, 0x00000000eab00000)
  object space 68608K, 13% used [0x00000000c0000000,0x00000000c09212a0,0x00000000c4300000)
 Metaspace       used 34421K, committed 35072K, reserved 1081344K
  class space    used 3485K, committed 3776K, reserved 1048576K
}
Event: 3.898 GC heap before
{Heap before GC invocations=10 (full 1):
 PSYoungGen      total 25600K, used 25568K [0x00000000eab00000, 0x00000000eca00000, 0x0000000100000000)
  eden space 23552K, 100% used [0x00000000eab00000,0x00000000ec200000,0x00000000ec200000)
  from space 2048K, 98% used [0x00000000ec680000,0x00000000ec8783a8,0x00000000ec880000)
  to   space 4096K, 0% used [0x00000000ec200000,0x00000000ec200000,0x00000000ec600000)
 ParOldGen       total 68608K, used 9348K [0x00000000c0000000, 0x00000000c4300000, 0x00000000eab00000)
  object space 68608K, 13% used [0x00000000c0000000,0x00000000c09212a0,0x00000000c4300000)
 Metaspace       used 34607K, committed 35200K, reserved 1081344K
  class space    used 3503K, committed 3776K, reserved 1048576K
}
Event: 3.900 GC heap after
{Heap after GC invocations=10 (full 1):
 PSYoungGen      total 27136K, used 3876K [0x00000000eab00000, 0x00000000ec980000, 0x0000000100000000)
  eden space 23040K, 0% used [0x00000000eab00000,0x00000000eab00000,0x00000000ec180000)
  from space 4096K, 94% used [0x00000000ec200000,0x00000000ec5c93c8,0x00000000ec600000)
  to   space 3584K, 0% used [0x00000000ec600000,0x00000000ec600000,0x00000000ec980000)
 ParOldGen       total 68608K, used 9901K [0x00000000c0000000, 0x00000000c4300000, 0x00000000eab00000)
  object space 68608K, 14% used [0x00000000c0000000,0x00000000c09ab5c8,0x00000000c4300000)
 Metaspace       used 34607K, committed 35200K, reserved 1081344K
  class space    used 3503K, committed 3776K, reserved 1048576K
}
Event: 3.993 GC heap before
{Heap before GC invocations=11 (full 1):
 PSYoungGen      total 27136K, used 26916K [0x00000000eab00000, 0x00000000ec980000, 0x0000000100000000)
  eden space 23040K, 100% used [0x00000000eab00000,0x00000000ec180000,0x00000000ec180000)
  from space 4096K, 94% used [0x00000000ec200000,0x00000000ec5c93c8,0x00000000ec600000)
  to   space 3584K, 0% used [0x00000000ec600000,0x00000000ec600000,0x00000000ec980000)
 ParOldGen       total 68608K, used 9901K [0x00000000c0000000, 0x00000000c4300000, 0x00000000eab00000)
  object space 68608K, 14% used [0x00000000c0000000,0x00000000c09ab5c8,0x00000000c4300000)
 Metaspace       used 34672K, committed 35264K, reserved 1081344K
  class space    used 3516K, committed 3776K, reserved 1048576K
}
Event: 3.996 GC heap after
{Heap after GC invocations=11 (full 1):
 PSYoungGen      total 24064K, used 3552K [0x00000000eab00000, 0x00000000ecf00000, 0x0000000100000000)
  eden space 20480K, 0% used [0x00000000eab00000,0x00000000eab00000,0x00000000ebf00000)
  from space 3584K, 99% used [0x00000000ec600000,0x00000000ec978010,0x00000000ec980000)
  to   space 7168K, 0% used [0x00000000ebf00000,0x00000000ebf00000,0x00000000ec600000)
 ParOldGen       total 68608K, used 12707K [0x00000000c0000000, 0x00000000c4300000, 0x00000000eab00000)
  object space 68608K, 18% used [0x00000000c0000000,0x00000000c0c68cc0,0x00000000c4300000)
 Metaspace       used 34672K, committed 35264K, reserved 1081344K
  class space    used 3516K, committed 3776K, reserved 1048576K
}
Event: 4.034 GC heap before
{Heap before GC invocations=12 (full 1):
 PSYoungGen      total 24064K, used 24032K [0x00000000eab00000, 0x00000000ecf00000, 0x0000000100000000)
  eden space 20480K, 100% used [0x00000000eab00000,0x00000000ebf00000,0x00000000ebf00000)
  from space 3584K, 99% used [0x00000000ec600000,0x00000000ec978010,0x00000000ec980000)
  to   space 7168K, 0% used [0x00000000ebf00000,0x00000000ebf00000,0x00000000ec600000)
 ParOldGen       total 68608K, used 12707K [0x00000000c0000000, 0x00000000c4300000, 0x00000000eab00000)
  object space 68608K, 18% used [0x00000000c0000000,0x00000000c0c68cc0,0x00000000c4300000)
 Metaspace       used 34672K, committed 35264K, reserved 1081344K
  class space    used 3516K, committed 3776K, reserved 1048576K
}
Event: 4.037 GC heap after
{Heap after GC invocations=12 (full 1):
 PSYoungGen      total 23040K, used 2432K [0x00000000eab00000, 0x00000000ec700000, 0x0000000100000000)
  eden space 20480K, 0% used [0x00000000eab00000,0x00000000eab00000,0x00000000ebf00000)
  from space 2560K, 95% used [0x00000000ebf00000,0x00000000ec160000,0x00000000ec180000)
  to   space 4096K, 0% used [0x00000000ec300000,0x00000000ec300000,0x00000000ec700000)
 ParOldGen       total 68608K, used 16312K [0x00000000c0000000, 0x00000000c4300000, 0x00000000eab00000)
  object space 68608K, 23% used [0x00000000c0000000,0x00000000c0fee028,0x00000000c4300000)
 Metaspace       used 34672K, committed 35264K, reserved 1081344K
  class space    used 3516K, committed 3776K, reserved 1048576K
}
Event: 4.142 GC heap before
{Heap before GC invocations=13 (full 1):
 PSYoungGen      total 23040K, used 22912K [0x00000000eab00000, 0x00000000ec700000, 0x0000000100000000)
  eden space 20480K, 100% used [0x00000000eab00000,0x00000000ebf00000,0x00000000ebf00000)
  from space 2560K, 95% used [0x00000000ebf00000,0x00000000ec160000,0x00000000ec180000)
  to   space 4096K, 0% used [0x00000000ec300000,0x00000000ec300000,0x00000000ec700000)
 ParOldGen       total 68608K, used 16312K [0x00000000c0000000, 0x00000000c4300000, 0x00000000eab00000)
  object space 68608K, 23% used [0x00000000c0000000,0x00000000c0fee028,0x00000000c4300000)
 Metaspace       used 34672K, committed 35264K, reserved 1081344K
  class space    used 3516K, committed 3776K, reserved 1048576K
}
Event: 4.145 GC heap after
{Heap after GC invocations=13 (full 1):
 PSYoungGen      total 23040K, used 2464K [0x00000000eab00000, 0x00000000ec580000, 0x0000000100000000)
  eden space 20480K, 0% used [0x00000000eab00000,0x00000000eab00000,0x00000000ebf00000)
  from space 2560K, 96% used [0x00000000ec300000,0x00000000ec568010,0x00000000ec580000)
  to   space 3072K, 0% used [0x00000000ebf80000,0x00000000ebf80000,0x00000000ec280000)
 ParOldGen       total 68608K, used 18560K [0x00000000c0000000, 0x00000000c4300000, 0x00000000eab00000)
  object space 68608K, 27% used [0x00000000c0000000,0x00000000c1220028,0x00000000c4300000)
 Metaspace       used 34672K, committed 35264K, reserved 1081344K
  class space    used 3516K, committed 3776K, reserved 1048576K
}
Event: 4.280 GC heap before
{Heap before GC invocations=14 (full 1):
 PSYoungGen      total 23040K, used 17153K [0x00000000eab00000, 0x00000000ec580000, 0x0000000100000000)
  eden space 20480K, 71% used [0x00000000eab00000,0x00000000eb958680,0x00000000ebf00000)
  from space 2560K, 96% used [0x00000000ec300000,0x00000000ec568010,0x00000000ec580000)
  to   space 3072K, 0% used [0x00000000ebf80000,0x00000000ebf80000,0x00000000ec280000)
 ParOldGen       total 68608K, used 18560K [0x00000000c0000000, 0x00000000c4300000, 0x00000000eab00000)
  object space 68608K, 27% used [0x00000000c0000000,0x00000000c1220028,0x00000000c4300000)
 Metaspace       used 35236K, committed 35840K, reserved 1089536K
  class space    used 3570K, committed 3840K, reserved 1048576K
}
Event: 4.283 GC heap after
{Heap after GC invocations=14 (full 1):
 PSYoungGen      total 23040K, used 2308K [0x00000000eab00000, 0x00000000ec400000, 0x0000000100000000)
  eden space 20480K, 0% used [0x00000000eab00000,0x00000000eab00000,0x00000000ebf00000)
  from space 2560K, 90% used [0x00000000ebf80000,0x00000000ec1c13d0,0x00000000ec200000)
  to   space 2048K, 0% used [0x00000000ec200000,0x00000000ec200000,0x00000000ec400000)
 ParOldGen       total 68608K, used 20928K [0x00000000c0000000, 0x00000000c4300000, 0x00000000eab00000)
  object space 68608K, 30% used [0x00000000c0000000,0x00000000c1470038,0x00000000c4300000)
 Metaspace       used 35236K, committed 35840K, reserved 1089536K
  class space    used 3570K, committed 3840K, reserved 1048576K
}
Event: 4.283 GC heap before
{Heap before GC invocations=15 (full 2):
 PSYoungGen      total 23040K, used 2308K [0x00000000eab00000, 0x00000000ec400000, 0x0000000100000000)
  eden space 20480K, 0% used [0x00000000eab00000,0x00000000eab00000,0x00000000ebf00000)
  from space 2560K, 90% used [0x00000000ebf80000,0x00000000ec1c13d0,0x00000000ec200000)
  to   space 2048K, 0% used [0x00000000ec200000,0x00000000ec200000,0x00000000ec400000)
 ParOldGen       total 68608K, used 20928K [0x00000000c0000000, 0x00000000c4300000, 0x00000000eab00000)
  object space 68608K, 30% used [0x00000000c0000000,0x00000000c1470038,0x00000000c4300000)
 Metaspace       used 35236K, committed 35840K, reserved 1089536K
  class space    used 3570K, committed 3840K, reserved 1048576K
}
Event: 4.312 GC heap after
{Heap after GC invocations=15 (full 2):
 PSYoungGen      total 23040K, used 0K [0x00000000eab00000, 0x00000000ec400000, 0x0000000100000000)
  eden space 20480K, 0% used [0x00000000eab00000,0x00000000eab00000,0x00000000ebf00000)
  from space 2560K, 0% used [0x00000000ebf80000,0x00000000ebf80000,0x00000000ec200000)
  to   space 2048K, 0% used [0x00000000ec200000,0x00000000ec200000,0x00000000ec400000)
 ParOldGen       total 68608K, used 22441K [0x00000000c0000000, 0x00000000c4300000, 0x00000000eab00000)
  object space 68608K, 32% used [0x00000000c0000000,0x00000000c15ea478,0x00000000c4300000)
 Metaspace       used 35236K, committed 35840K, reserved 1089536K
  class space    used 3570K, committed 3840K, reserved 1048576K
}
Event: 4.647 GC heap before
{Heap before GC invocations=16 (full 2):
 PSYoungGen      total 23040K, used 20465K [0x00000000eab00000, 0x00000000ec400000, 0x0000000100000000)
  eden space 20480K, 99% used [0x00000000eab00000,0x00000000ebefc430,0x00000000ebf00000)
  from space 2560K, 0% used [0x00000000ebf80000,0x00000000ebf80000,0x00000000ec200000)
  to   space 2048K, 0% used [0x00000000ec200000,0x00000000ec200000,0x00000000ec400000)
 ParOldGen       total 68608K, used 22441K [0x00000000c0000000, 0x00000000c4300000, 0x00000000eab00000)
  object space 68608K, 32% used [0x00000000c0000000,0x00000000c15ea478,0x00000000c4300000)
 Metaspace       used 37190K, committed 37824K, reserved 1089536K
  class space    used 3834K, committed 4096K, reserved 1048576K
}
Event: 4.648 GC heap after
{Heap after GC invocations=16 (full 2):
 PSYoungGen      total 21504K, used 730K [0x00000000eab00000, 0x00000000ec300000, 0x0000000100000000)
  eden space 20480K, 0% used [0x00000000eab00000,0x00000000eab00000,0x00000000ebf00000)
  from space 1024K, 71% used [0x00000000ec200000,0x00000000ec2b6ac0,0x00000000ec300000)
  to   space 1536K, 0% used [0x00000000ec000000,0x00000000ec000000,0x00000000ec180000)
 ParOldGen       total 68608K, used 22449K [0x00000000c0000000, 0x00000000c4300000, 0x00000000eab00000)
  object space 68608K, 32% used [0x00000000c0000000,0x00000000c15ec478,0x00000000c4300000)
 Metaspace       used 37190K, committed 37824K, reserved 1089536K
  class space    used 3834K, committed 4096K, reserved 1048576K
}
Event: 5.151 GC heap before
{Heap before GC invocations=17 (full 2):
 PSYoungGen      total 21504K, used 21210K [0x00000000eab00000, 0x00000000ec300000, 0x0000000100000000)
  eden space 20480K, 100% used [0x00000000eab00000,0x00000000ebf00000,0x00000000ebf00000)
  from space 1024K, 71% used [0x00000000ec200000,0x00000000ec2b6ac0,0x00000000ec300000)
  to   space 1536K, 0% used [0x00000000ec000000,0x00000000ec000000,0x00000000ec180000)
 ParOldGen       total 68608K, used 22449K [0x00000000c0000000, 0x00000000c4300000, 0x00000000eab00000)
  object space 68608K, 32% used [0x00000000c0000000,0x00000000c15ec478,0x00000000c4300000)
 Metaspace       used 38805K, committed 39488K, reserved 1089536K
  class space    used 3981K, committed 4288K, reserved 1048576K
}
Event: 5.152 GC heap after
{Heap after GC invocations=17 (full 2):
 PSYoungGen      total 22016K, used 1185K [0x00000000eab00000, 0x00000000ec280000, 0x0000000100000000)
  eden space 20480K, 0% used [0x00000000eab00000,0x00000000eab00000,0x00000000ebf00000)
  from space 1536K, 77% used [0x00000000ec000000,0x00000000ec128420,0x00000000ec180000)
  to   space 1024K, 0% used [0x00000000ec180000,0x00000000ec180000,0x00000000ec280000)
 ParOldGen       total 68608K, used 23062K [0x00000000c0000000, 0x00000000c4300000, 0x00000000eab00000)
  object space 68608K, 33% used [0x00000000c0000000,0x00000000c1685a20,0x00000000c4300000)
 Metaspace       used 38805K, committed 39488K, reserved 1089536K
  class space    used 3981K, committed 4288K, reserved 1048576K
}
Event: 5.278 GC heap before
{Heap before GC invocations=18 (full 2):
 PSYoungGen      total 22016K, used 21665K [0x00000000eab00000, 0x00000000ec280000, 0x0000000100000000)
  eden space 20480K, 100% used [0x00000000eab00000,0x00000000ebf00000,0x00000000ebf00000)
  from space 1536K, 77% used [0x00000000ec000000,0x00000000ec128420,0x00000000ec180000)
  to   space 1024K, 0% used [0x00000000ec180000,0x00000000ec180000,0x00000000ec280000)
 ParOldGen       total 68608K, used 23062K [0x00000000c0000000, 0x00000000c4300000, 0x00000000eab00000)
  object space 68608K, 33% used [0x00000000c0000000,0x00000000c1685a20,0x00000000c4300000)
 Metaspace       used 38839K, committed 39488K, reserved 1089536K
  class space    used 3981K, committed 4288K, reserved 1048576K
}
Event: 5.279 GC heap after
{Heap after GC invocations=18 (full 2):
 PSYoungGen      total 21504K, used 909K [0x00000000eab00000, 0x00000000ec280000, 0x0000000100000000)
  eden space 20480K, 0% used [0x00000000eab00000,0x00000000eab00000,0x00000000ebf00000)
  from space 1024K, 88% used [0x00000000ec180000,0x00000000ec2636a0,0x00000000ec280000)
  to   space 1024K, 0% used [0x00000000ec080000,0x00000000ec080000,0x00000000ec180000)
 ParOldGen       total 68608K, used 23750K [0x00000000c0000000, 0x00000000c4300000, 0x00000000eab00000)
  object space 68608K, 34% used [0x00000000c0000000,0x00000000c1731ba0,0x00000000c4300000)
 Metaspace       used 38839K, committed 39488K, reserved 1089536K
  class space    used 3981K, committed 4288K, reserved 1048576K
}

