# JRE version: OpenJDK Runtime Environment Temurin-17.0.4.1+1 (17.0.4.1+1) (build 17.0.4.1+1)
# Java VM: OpenJDK 64-Bit Server VM Temurin-17.0.4.1+1 (17.0.4.1+1, mixed mode, tiered, compressed oops, compressed class ptrs, parallel gc, windows-amd64)
GC Precious Log:
 CPUs: 12 total, 12 available
 Memory: 16308M
 Large Page Support: Disabled
 NUMA Support: Disabled
 Compressed Oops: Enabled (32-bit)
 Alignments: Space 512K, Generation 512K, Heap 2M
 Heap Min Capacity: 100M
 Heap Initial Capacity: 100M
 Heap Max Capacity: 1G
 Pre-touch: Disabled
 Parallel Workers: 10
Heap:
 PSYoungGen      total 20480K, used 19830K [0x00000000eab00000, 0x00000000ec180000, 0x0000000100000000)
  eden space 19968K, 97% used [0x00000000eab00000,0x00000000ebe05b60,0x00000000ebe80000)
  from space 512K, 68% used [0x00000000ec000000,0x00000000ec058000,0x00000000ec080000)
  to   space 1024K, 0% used [0x00000000ec080000,0x00000000ec080000,0x00000000ec180000)
 ParOldGen       total 68608K, used 23480K [0x00000000c0000000, 0x00000000c4300000, 0x00000000eab00000)
  object space 68608K, 34% used [0x00000000c0000000,0x00000000c16ee248,0x00000000c4300000)
 Metaspace       used 43666K, committed 44352K, reserved 1089536K
  class space    used 4457K, committed 4800K, reserved 1048576K
GC Heap History (20 events):
Event: 3.872 GC heap before
{Heap before GC invocations=10 (full 1):
 PSYoungGen      total 25088K, used 25072K [0x00000000eab00000, 0x00000000eca00000, 0x0000000100000000)
  eden space 23040K, 100% used [0x00000000eab00000,0x00000000ec180000,0x00000000ec180000)
  from space 2048K, 99% used [0x00000000ec580000,0x00000000ec77c310,0x00000000ec780000)
  to   space 4096K, 0% used [0x00000000ec180000,0x00000000ec180000,0x00000000ec580000)
 ParOldGen       total 68608K, used 9467K [0x00000000c0000000, 0x00000000c4300000, 0x00000000eab00000)
  object space 68608K, 13% used [0x00000000c0000000,0x00000000c093efe8,0x00000000c4300000)
 Metaspace       used 34576K, committed 35200K, reserved 1081344K
  class space    used 3503K, committed 3776K, reserved 1048576K
}
Event: 3.875 GC heap after
{Heap after GC invocations=10 (full 1):
 PSYoungGen      total 26624K, used 3844K [0x00000000eab00000, 0x00000000ec900000, 0x0000000100000000)
  eden space 22528K, 0% used [0x00000000eab00000,0x00000000eab00000,0x00000000ec100000)
  from space 4096K, 93% used [0x00000000ec180000,0x00000000ec5413b8,0x00000000ec580000)
  to   space 3584K, 0% used [0x00000000ec580000,0x00000000ec580000,0x00000000ec900000)
 ParOldGen       total 68608K, used 10013K [0x00000000c0000000, 0x00000000c4300000, 0x00000000eab00000)
  object space 68608K, 14% used [0x00000000c0000000,0x00000000c09c76f0,0x00000000c4300000)
 Metaspace       used 34576K, committed 35200K, reserved 1081344K
  class space    used 3503K, committed 3776K, reserved 1048576K
}
Event: 4.090 GC heap before
{Heap before GC invocations=11 (full 1):
 PSYoungGen      total 26624K, used 26372K [0x00000000eab00000, 0x00000000ec900000, 0x0000000100000000)
  eden space 22528K, 100% used [0x00000000eab00000,0x00000000ec100000,0x00000000ec100000)
  from space 4096K, 93% used [0x00000000ec180000,0x00000000ec5413b8,0x00000000ec580000)
  to   space 3584K, 0% used [0x00000000ec580000,0x00000000ec580000,0x00000000ec900000)
 ParOldGen       total 68608K, used 10013K [0x00000000c0000000, 0x00000000c4300000, 0x00000000eab00000)
  object space 68608K, 14% used [0x00000000c0000000,0x00000000c09c76f0,0x00000000c4300000)
 Metaspace       used 34653K, committed 35328K, reserved 1081344K
  class space    used 3515K, committed 3840K, reserved 1048576K
}
Event: 4.093 GC heap after
{Heap after GC invocations=11 (full 1):
 PSYoungGen      total 23552K, used 3552K [0x00000000eab00000, 0x00000000ece80000, 0x0000000100000000)
  eden space 19968K, 0% used [0x00000000eab00000,0x00000000eab00000,0x00000000ebe80000)
  from space 3584K, 99% used [0x00000000ec580000,0x00000000ec8f8020,0x00000000ec900000)
  to   space 7168K, 0% used [0x00000000ebe80000,0x00000000ebe80000,0x00000000ec580000)
 ParOldGen       total 68608K, used 12791K [0x00000000c0000000, 0x00000000c4300000, 0x00000000eab00000)
  object space 68608K, 18% used [0x00000000c0000000,0x00000000c0c7dcf0,0x00000000c4300000)
 Metaspace       used 34653K, committed 35328K, reserved 1081344K
  class space    used 3515K, committed 3840K, reserved 1048576K
}
Event: 4.188 GC heap before
{Heap before GC invocations=12 (full 1):
 PSYoungGen      total 23552K, used 23520K [0x00000000eab00000, 0x00000000ece80000, 0x0000000100000000)
  eden space 19968K, 100% used [0x00000000eab00000,0x00000000ebe80000,0x00000000ebe80000)
  from space 3584K, 99% used [0x00000000ec580000,0x00000000ec8f8020,0x00000000ec900000)
  to   space 7168K, 0% used [0x00000000ebe80000,0x00000000ebe80000,0x00000000ec580000)
 ParOldGen       total 68608K, used 12791K [0x00000000c0000000, 0x00000000c4300000, 0x00000000eab00000)
  object space 68608K, 18% used [0x00000000c0000000,0x00000000c0c7dcf0,0x00000000c4300000)
 Metaspace       used 34653K, committed 35328K, reserved 1081344K
  class space    used 3515K, committed 3840K, reserved 1048576K
}
Event: 4.191 GC heap after
{Heap after GC invocations=12 (full 1):
 PSYoungGen      total 22528K, used 2368K [0x00000000eab00000, 0x00000000ec680000, 0x0000000100000000)
  eden space 19968K, 0% used [0x00000000eab00000,0x00000000eab00000,0x00000000ebe80000)
  from space 2560K, 92% used [0x00000000ebe80000,0x00000000ec0d0000,0x00000000ec100000)
  to   space 4096K, 0% used [0x00000000ec280000,0x00000000ec280000,0x00000000ec680000)
 ParOldGen       total 68608K, used 16392K [0x00000000c0000000, 0x00000000c4300000, 0x00000000eab00000)
  object space 68608K, 23% used [0x00000000c0000000,0x00000000c10023a8,0x00000000c4300000)
 Metaspace       used 34653K, committed 35328K, reserved 1081344K
  class space    used 3515K, committed 3840K, reserved 1048576K
}
Event: 4.307 GC heap before
{Heap before GC invocations=13 (full 1):
 PSYoungGen      total 22528K, used 22336K [0x00000000eab00000, 0x00000000ec680000, 0x0000000100000000)
  eden space 19968K, 100% used [0x00000000eab00000,0x00000000ebe80000,0x00000000ebe80000)
  from space 2560K, 92% used [0x00000000ebe80000,0x00000000ec0d0000,0x00000000ec100000)
  to   space 4096K, 0% used [0x00000000ec280000,0x00000000ec280000,0x00000000ec680000)
 ParOldGen       total 68608K, used 16392K [0x00000000c0000000, 0x00000000c4300000, 0x00000000eab00000)
  object space 68608K, 23% used [0x00000000c0000000,0x00000000c10023a8,0x00000000c4300000)
 Metaspace       used 34653K, committed 35328K, reserved 1081344K
  class space    used 3515K, committed 3840K, reserved 1048576K
}
Event: 4.309 GC heap after
{Heap after GC invocations=13 (full 1):
 PSYoungGen      total 22528K, used 2464K [0x00000000eab00000, 0x00000000ec500000, 0x0000000100000000)
  eden space 19968K, 0% used [0x00000000eab00000,0x00000000eab00000,0x00000000ebe80000)
  from space 2560K, 96% used [0x00000000ec280000,0x00000000ec4e8010,0x00000000ec500000)
  to   space 3072K, 0% used [0x00000000ebf00000,0x00000000ebf00000,0x00000000ec200000)
 ParOldGen       total 68608K, used 18592K [0x00000000c0000000, 0x00000000c4300000, 0x00000000eab00000)
  object space 68608K, 27% used [0x00000000c0000000,0x00000000c12283a8,0x00000000c4300000)
 Metaspace       used 34653K, committed 35328K, reserved 1081344K
  class space    used 3515K, committed 3840K, reserved 1048576K
}
Event: 4.461 GC heap before
{Heap before GC invocations=14 (full 1):
 PSYoungGen      total 22528K, used 18527K [0x00000000eab00000, 0x00000000ec500000, 0x0000000100000000)
  eden space 19968K, 80% used [0x00000000eab00000,0x00000000ebaafc48,0x00000000ebe80000)
  from space 2560K, 96% used [0x00000000ec280000,0x00000000ec4e8010,0x00000000ec500000)
  to   space 3072K, 0% used [0x00000000ebf00000,0x00000000ebf00000,0x00000000ec200000)
 ParOldGen       total 68608K, used 18592K [0x00000000c0000000, 0x00000000c4300000, 0x00000000eab00000)
  object space 68608K, 27% used [0x00000000c0000000,0x00000000c12283a8,0x00000000c4300000)
 Metaspace       used 35196K, committed 35840K, reserved 1081344K
  class space    used 3567K, committed 3904K, reserved 1048576K
}
Event: 4.463 GC heap after
{Heap after GC invocations=14 (full 1):
 PSYoungGen      total 22528K, used 2436K [0x00000000eab00000, 0x00000000ec380000, 0x0000000100000000)
  eden space 19968K, 0% used [0x00000000eab00000,0x00000000eab00000,0x00000000ebe80000)
  from space 2560K, 95% used [0x00000000ebf00000,0x00000000ec1613d0,0x00000000ec180000)
  to   space 2048K, 0% used [0x00000000ec180000,0x00000000ec180000,0x00000000ec380000)
 ParOldGen       total 68608K, used 20952K [0x00000000c0000000, 0x00000000c4300000, 0x00000000eab00000)
  object space 68608K, 30% used [0x00000000c0000000,0x00000000c14763b8,0x00000000c4300000)
 Metaspace       used 35196K, committed 35840K, reserved 1081344K
  class space    used 3567K, committed 3904K, reserved 1048576K
}
Event: 4.463 GC heap before
{Heap before GC invocations=15 (full 2):
 PSYoungGen      total 22528K, used 2436K [0x00000000eab00000, 0x00000000ec380000, 0x0000000100000000)
  eden space 19968K, 0% used [0x00000000eab00000,0x00000000eab00000,0x00000000ebe80000)
  from space 2560K, 95% used [0x00000000ebf00000,0x00000000ec1613d0,0x00000000ec180000)
  to   space 2048K, 0% used [0x00000000ec180000,0x00000000ec180000,0x00000000ec380000)
 ParOldGen       total 68608K, used 20952K [0x00000000c0000000, 0x00000000c4300000, 0x00000000eab00000)
  object space 68608K, 30% used [0x00000000c0000000,0x00000000c14763b8,0x00000000c4300000)
 Metaspace       used 35196K, committed 35840K, reserved 1081344K
  class space    used 3567K, committed 3904K, reserved 1048576K
}
Event: 4.491 GC heap after
{Heap after GC invocations=15 (full 2):
 PSYoungGen      total 22528K, used 0K [0x00000000eab00000, 0x00000000ec380000, 0x0000000100000000)
  eden space 19968K, 0% used [0x00000000eab00000,0x00000000eab00000,0x00000000ebe80000)
  from space 2560K, 0% used [0x00000000ebf00000,0x00000000ebf00000,0x00000000ec180000)
  to   space 2048K, 0% used [0x00000000ec180000,0x00000000ec180000,0x00000000ec380000)
 ParOldGen       total 68608K, used 22462K [0x00000000c0000000, 0x00000000c4300000, 0x00000000eab00000)
  object space 68608K, 32% used [0x00000000c0000000,0x00000000c15efa88,0x00000000c4300000)
 Metaspace       used 35196K, committed 35840K, reserved 1081344K
  class space    used 3567K, committed 3904K, reserved 1048576K
}
Event: 4.889 GC heap before
{Heap before GC invocations=16 (full 2):
 PSYoungGen      total 22528K, used 19967K [0x00000000eab00000, 0x00000000ec380000, 0x0000000100000000)
  eden space 19968K, 99% used [0x00000000eab00000,0x00000000ebe7fcd8,0x00000000ebe80000)
  from space 2560K, 0% used [0x00000000ebf00000,0x00000000ebf00000,0x00000000ec180000)
  to   space 2048K, 0% used [0x00000000ec180000,0x00000000ec180000,0x00000000ec380000)
 ParOldGen       total 68608K, used 22462K [0x00000000c0000000, 0x00000000c4300000, 0x00000000eab00000)
  object space 68608K, 32% used [0x00000000c0000000,0x00000000c15efa88,0x00000000c4300000)
 Metaspace       used 37167K, committed 37888K, reserved 1089536K
  class space    used 3831K, committed 4160K, reserved 1048576K
}
Event: 4.890 GC heap after
{Heap after GC invocations=16 (full 2):
 PSYoungGen      total 20992K, used 662K [0x00000000eab00000, 0x00000000ec280000, 0x0000000100000000)
  eden space 19968K, 0% used [0x00000000eab00000,0x00000000eab00000,0x00000000ebe80000)
  from space 1024K, 64% used [0x00000000ec180000,0x00000000ec225a20,0x00000000ec280000)
  to   space 1536K, 0% used [0x00000000ebf80000,0x00000000ebf80000,0x00000000ec100000)
 ParOldGen       total 68608K, used 22470K [0x00000000c0000000, 0x00000000c4300000, 0x00000000eab00000)
  object space 68608K, 32% used [0x00000000c0000000,0x00000000c15f1a88,0x00000000c4300000)
 Metaspace       used 37167K, committed 37888K, reserved 1089536K
  class space    used 3831K, committed 4160K, reserved 1048576K
}
Event: 5.372 GC heap before
{Heap before GC invocations=17 (full 2):
 PSYoungGen      total 20992K, used 20610K [0x00000000eab00000, 0x00000000ec280000, 0x0000000100000000)
  eden space 19968K, 99% used [0x00000000eab00000,0x00000000ebe7b050,0x00000000ebe80000)
  from space 1024K, 64% used [0x00000000ec180000,0x00000000ec225a20,0x00000000ec280000)
  to   space 1536K, 0% used [0x00000000ebf80000,0x00000000ebf80000,0x00000000ec100000)
 ParOldGen       total 68608K, used 22470K [0x00000000c0000000, 0x00000000c4300000, 0x00000000eab00000)
  object space 68608K, 32% used [0x00000000c0000000,0x00000000c15f1a88,0x00000000c4300000)
 Metaspace       used 38672K, committed 39360K, reserved 1089536K
  class space    used 3974K, committed 4288K, reserved 1048576K
}
Event: 5.374 GC heap after
{Heap after GC invocations=17 (full 2):
 PSYoungGen      total 21504K, used 533K [0x00000000eab00000, 0x00000000ec200000, 0x0000000100000000)
  eden space 19968K, 0% used [0x00000000eab00000,0x00000000eab00000,0x00000000ebe80000)
  from space 1536K, 34% used [0x00000000ebf80000,0x00000000ec0056a0,0x00000000ec100000)
  to   space 1024K, 0% used [0x00000000ec100000,0x00000000ec100000,0x00000000ec200000)
 ParOldGen       total 68608K, used 23080K [0x00000000c0000000, 0x00000000c4300000, 0x00000000eab00000)
  object space 68608K, 33% used [0x00000000c0000000,0x00000000c168a248,0x00000000c4300000)
 Metaspace       used 38672K, committed 39360K, reserved 1089536K
  class space    used 3974K, committed 4288K, reserved 1048576K
}
Event: 5.460 GC heap before
{Heap before GC invocations=18 (full 2):
 PSYoungGen      total 21504K, used 20498K [0x00000000eab00000, 0x00000000ec200000, 0x0000000100000000)
  eden space 19968K, 99% used [0x00000000eab00000,0x00000000ebe7f518,0x00000000ebe80000)
  from space 1536K, 34% used [0x00000000ebf80000,0x00000000ec0056a0,0x00000000ec100000)
  to   space 1024K, 0% used [0x00000000ec100000,0x00000000ec100000,0x00000000ec200000)
 ParOldGen       total 68608K, used 23080K [0x00000000c0000000, 0x00000000c4300000, 0x00000000eab00000)
  object space 68608K, 33% used [0x00000000c0000000,0x00000000c168a248,0x00000000c4300000)
 Metaspace       used 38825K, committed 39488K, reserved 1089536K
  class space    used 3982K, committed 4288K, reserved 1048576K
}
Event: 5.460 GC heap after
{Heap after GC invocations=18 (full 2):
 PSYoungGen      total 20992K, used 796K [0x00000000eab00000, 0x00000000ec200000, 0x0000000100000000)
  eden space 19968K, 0% used [0x00000000eab00000,0x00000000eab00000,0x00000000ebe80000)
  from space 1024K, 77% used [0x00000000ec100000,0x00000000ec1c7058,0x00000000ec200000)
  to   space 1024K, 0% used [0x00000000ec000000,0x00000000ec000000,0x00000000ec100000)
 ParOldGen       total 68608K, used 23400K [0x00000000c0000000, 0x00000000c4300000, 0x00000000eab00000)
  object space 68608K, 34% used [0x00000000c0000000,0x00000000c16da248,0x00000000c4300000)
 Metaspace       used 38825K, committed 39488K, reserved 1089536K
  class space    used 3982K, committed 4288K, reserved 1048576K
}
Event: 5.660 GC heap before
{Heap before GC invocations=19 (full 2):
 PSYoungGen      total 20992K, used 20764K [0x00000000eab00000, 0x00000000ec200000, 0x0000000100000000)
  eden space 19968K, 100% used [0x00000000eab00000,0x00000000ebe80000,0x00000000ebe80000)
  from space 1024K, 77% used [0x00000000ec100000,0x00000000ec1c7058,0x00000000ec200000)
  to   space 1024K, 0% used [0x00000000ec000000,0x00000000ec000000,0x00000000ec100000)
 ParOldGen       total 68608K, used 23400K [0x00000000c0000000, 0x00000000c4300000, 0x00000000eab00000)
  object space 68608K, 34% used [0x00000000c0000000,0x00000000c16da248,0x00000000c4300000)
 Metaspace       used 40627K, committed 41280K, reserved 1089536K
  class space    used 4131K, committed 4416K, reserved 1048576K
}
Event: 5.661 GC heap after
{Heap after GC invocations=19 (full 2):
 PSYoungGen      total 20480K, used 352K [0x00000000eab00000, 0x00000000ec180000, 0x0000000100000000)
  eden space 19968K, 0% used [0x00000000eab00000,0x00000000eab00000,0x00000000ebe80000)
  from space 512K, 68% used [0x00000000ec000000,0x00000000ec058000,0x00000000ec080000)
  to   space 1024K, 0% used [0x00000000ec080000,0x00000000ec080000,0x00000000ec180000)
 ParOldGen       total 68608K, used 23480K [0x00000000c0000000, 0x00000000c4300000, 0x00000000eab00000)
  object space 68608K, 34% used [0x00000000c0000000,0x00000000c16ee248,0x00000000c4300000)
 Metaspace       used 40627K, committed 41280K, reserved 1089536K
  class space    used 4131K, committed 4416K, reserved 1048576K
}

